<?xml version="1.0" encoding="UTF-8"?>
<!-- Generated by org.testng.reporters.JUnitXMLReporter -->
<testsuite ignored="5" hostname="Preyal" failures="1" tests="1" name="Default test" time="22.064" errors="0" timestamp="2021-02-20T17:36:03 GMT-05:00">
  <testcase classname="calculator_Automation.BookingAPP" name="verifySearchResult_Test6" time="0.056">
    <failure type="org.openqa.selenium.UnsupportedCommandException" message="Method is not implemented
Build info: version: &amp;apos;3.141.59&amp;apos;, revision: &amp;apos;e82be7d358&amp;apos;, time: &amp;apos;2018-11-14T08:17:03&amp;apos;
System info: host: &amp;apos;PREYAL&amp;apos;, ip: &amp;apos;192.168.25.1&amp;apos;, os.name: &amp;apos;Windows 10&amp;apos;, os.arch: &amp;apos;amd64&amp;apos;, os.version: &amp;apos;10.0&amp;apos;, java.version: &amp;apos;15.0.1&amp;apos;
Driver info: io.appium.java_client.AppiumDriver
Capabilities {appActivity: com.booking.deeplink.scheme..., appPackage: com.booking, appWaitDuration: 50000, automationName: uiautomator2, databaseEnabled: false, desired: {appActivity: com.booking.deeplink.scheme..., appPackage: com.booking, appWaitDuration: 50000, automationName: uiautomator2, deviceName: Galaxy TAb A 8, platformName: android, platformVersion: 10, udid: b21e8dab}, deviceApiLevel: 29, deviceManufacturer: samsung, deviceModel: SM-T387W, deviceName: b21e8dab, deviceScreenDensity: 213, deviceScreenSize: 800x1280, deviceUDID: b21e8dab, javascriptEnabled: true, locationContextEnabled: false, networkConnectionEnabled: true, pixelRatio: 1.3312501, platform: LINUX, platformName: Android, platformVersion: 10, statBarHeight: 32, takesScreenshot: true, udid: b21e8dab, viewportRect: {height: 1184, left: 0, top: 32, width: 800}, warnings: {}, webStorageEnabled: false}
Session ID: ec12df93-cca6-4484-96ac-dc21df7f6226">
      <![CDATA[org.openqa.selenium.UnsupportedCommandException: Method is not implemented
Build info: version: '3.141.59', revision: 'e82be7d358', time: '2018-11-14T08:17:03'
System info: host: 'PREYAL', ip: '192.168.25.1', os.name: 'Windows 10', os.arch: 'amd64', os.version: '10.0', java.version: '15.0.1'
Driver info: io.appium.java_client.AppiumDriver
Capabilities {appActivity: com.booking.deeplink.scheme..., appPackage: com.booking, appWaitDuration: 50000, automationName: uiautomator2, databaseEnabled: false, desired: {appActivity: com.booking.deeplink.scheme..., appPackage: com.booking, appWaitDuration: 50000, automationName: uiautomator2, deviceName: Galaxy TAb A 8, platformName: android, platformVersion: 10, udid: b21e8dab}, deviceApiLevel: 29, deviceManufacturer: samsung, deviceModel: SM-T387W, deviceName: b21e8dab, deviceScreenDensity: 213, deviceScreenSize: 800x1280, deviceUDID: b21e8dab, javascriptEnabled: true, locationContextEnabled: false, networkConnectionEnabled: true, pixelRatio: 1.3312501, platform: LINUX, platformName: Android, platformVersion: 10, statBarHeight: 32, takesScreenshot: true, udid: b21e8dab, viewportRect: {height: 1184, left: 0, top: 32, width: 800}, warnings: {}, webStorageEnabled: false}
Session ID: ec12df93-cca6-4484-96ac-dc21df7f6226
at java.base/jdk.internal.reflect.NativeConstructorAccessorImpl.newInstance0(Native Method)
at java.base/jdk.internal.reflect.NativeConstructorAccessorImpl.newInstance(NativeConstructorAccessorImpl.java:64)
at java.base/jdk.internal.reflect.DelegatingConstructorAccessorImpl.newInstance(DelegatingConstructorAccessorImpl.java:45)
at java.base/java.lang.reflect.Constructor.newInstanceWithCaller(Constructor.java:500)
at java.base/java.lang.reflect.Constructor.newInstance(Constructor.java:481)
at org.openqa.selenium.remote.http.W3CHttpResponseCodec.createException(W3CHttpResponseCodec.java:187)
at org.openqa.selenium.remote.http.W3CHttpResponseCodec.decode(W3CHttpResponseCodec.java:122)
at org.openqa.selenium.remote.http.W3CHttpResponseCodec.decode(W3CHttpResponseCodec.java:49)
at org.openqa.selenium.remote.HttpCommandExecutor.execute(HttpCommandExecutor.java:158)
at io.appium.java_client.remote.AppiumCommandExecutor.execute(AppiumCommandExecutor.java:247)
at org.openqa.selenium.remote.RemoteWebDriver.execute(RemoteWebDriver.java:552)
at io.appium.java_client.DefaultGenericMobileDriver.execute(DefaultGenericMobileDriver.java:41)
at io.appium.java_client.AppiumDriver.execute(AppiumDriver.java:1)
at org.openqa.selenium.remote.RemoteWebDriver.executeScript(RemoteWebDriver.java:489)
at calculator_Automation.BookingAPP.verifySearchResult_Test6(BookingAPP.java:141)
at java.base/jdk.internal.reflect.NativeMethodAccessorImpl.invoke0(Native Method)
at java.base/jdk.internal.reflect.NativeMethodAccessorImpl.invoke(NativeMethodAccessorImpl.java:64)
at java.base/jdk.internal.reflect.DelegatingMethodAccessorImpl.invoke(DelegatingMethodAccessorImpl.java:43)
at java.base/java.lang.reflect.Method.invoke(Method.java:564)
at org.testng.internal.MethodInvocationHelper.invokeMethod(MethodInvocationHelper.java:132)
at org.testng.internal.TestInvoker.invokeMethod(TestInvoker.java:599)
at org.testng.internal.TestInvoker.invokeTestMethod(TestInvoker.java:174)
at org.testng.internal.MethodRunner.runInSequence(MethodRunner.java:46)
at org.testng.internal.TestInvoker$MethodInvocationAgent.invoke(TestInvoker.java:822)
at org.testng.internal.TestInvoker.invokeTestMethods(TestInvoker.java:147)
at org.testng.internal.TestMethodWorker.invokeTestMethods(TestMethodWorker.java:146)
at org.testng.internal.TestMethodWorker.run(TestMethodWorker.java:128)
at java.base/java.util.ArrayList.forEach(ArrayList.java:1511)
at org.testng.TestRunner.privateRun(TestRunner.java:764)
at org.testng.TestRunner.run(TestRunner.java:585)
at org.testng.SuiteRunner.runTest(SuiteRunner.java:384)
at org.testng.SuiteRunner.runSequentially(SuiteRunner.java:378)
at org.testng.SuiteRunner.privateRun(SuiteRunner.java:337)
at org.testng.SuiteRunner.run(SuiteRunner.java:286)
at org.testng.SuiteRunnerWorker.runSuite(SuiteRunnerWorker.java:53)
at org.testng.SuiteRunnerWorker.run(SuiteRunnerWorker.java:96)
at org.testng.TestNG.runSuitesSequentially(TestNG.java:1218)
at org.testng.TestNG.runSuitesLocally(TestNG.java:1140)
at org.testng.TestNG.runSuites(TestNG.java:1069)
at org.testng.TestNG.run(TestNG.java:1037)
at org.testng.remote.AbstractRemoteTestNG.run(AbstractRemoteTestNG.java:115)
at org.testng.remote.RemoteTestNG.initAndRun(RemoteTestNG.java:251)
at org.testng.remote.RemoteTestNG.main(RemoteTestNG.java:77)
]]>
    </failure>
  </testcase> <!-- verifySearchResult_Test6 -->
  <testcase classname="calculator_Automation.BookingAPP" name="verifySearchResult_Test4" time="0.0">
    <ignored/>
  </testcase> <!-- verifySearchResult_Test4 -->
  <testcase classname="calculator_Automation.BookingAPP" name="verifySearchResult_Test3" time="0.0">
    <ignored/>
  </testcase> <!-- verifySearchResult_Test3 -->
  <testcase classname="calculator_Automation.BookingAPP" name="verifySearchResult_Test5" time="0.0">
    <ignored/>
  </testcase> <!-- verifySearchResult_Test5 -->
  <testcase classname="calculator_Automation.BookingAPP" name="verifySearchResult_Test2" time="0.0">
    <ignored/>
  </testcase> <!-- verifySearchResult_Test2 -->
  <testcase classname="calculator_Automation.BookingAPP" name="verifySearchResult_Test1" time="0.0">
    <ignored/>
  </testcase> <!-- verifySearchResult_Test1 -->
</testsuite> <!-- Default test -->
